TN:
SF:/Users/bp/turing/4module/projects/express_sweater_weather/app.js
FNF:0
FNH:0
DA:1,3
DA:2,3
DA:3,3
DA:4,3
DA:5,3
DA:7,3
DA:8,3
DA:9,3
DA:11,3
DA:13,3
DA:14,3
DA:15,3
DA:16,3
DA:17,3
DA:19,3
DA:20,3
DA:21,3
DA:23,3
LF:18
LH:18
BRF:0
BRH:0
end_of_record
TN:
SF:/Users/bp/turing/4module/projects/express_sweater_weather/models/index.js
FN:20,(anonymous_0)
FN:23,(anonymous_1)
FN:28,(anonymous_2)
FNF:3
FNH:3
FNDA:6,(anonymous_0)
FNDA:3,(anonymous_1)
FNDA:3,(anonymous_2)
DA:3,3
DA:4,3
DA:5,3
DA:6,3
DA:7,3
DA:8,3
DA:9,3
DA:12,3
DA:13,0
DA:15,3
DA:18,3
DA:21,6
DA:24,3
DA:25,3
DA:28,3
DA:29,3
DA:30,3
DA:34,3
DA:35,3
DA:37,3
LF:20
LH:19
BRDA:7,0,0,3
BRDA:7,0,1,0
BRDA:12,1,0,0
BRDA:12,1,1,3
BRDA:21,2,0,6
BRDA:21,2,1,6
BRDA:21,2,2,3
BRDA:29,3,0,3
BRDA:29,3,1,0
BRF:9
BRH:6
end_of_record
TN:
SF:/Users/bp/turing/4module/projects/express_sweater_weather/models/user.js
FN:2,(anonymous_0)
FN:9,(anonymous_1)
FNF:2
FNH:2
FNDA:3,(anonymous_0)
FNDA:3,(anonymous_1)
DA:2,3
DA:3,3
DA:9,3
DA:12,3
LF:4
LH:4
BRF:0
BRH:0
end_of_record
TN:
SF:/Users/bp/turing/4module/projects/express_sweater_weather/routes/index.js
FN:5,(anonymous_0)
FNF:1
FNH:0
FNDA:0,(anonymous_0)
DA:1,3
DA:2,3
DA:5,3
DA:6,0
DA:9,3
LF:5
LH:4
BRF:0
BRH:0
end_of_record
TN:
SF:/Users/bp/turing/4module/projects/express_sweater_weather/routes/sessions.js
FN:8,(anonymous_0)
FN:14,(anonymous_1)
FN:23,(anonymous_2)
FN:29,bcryptPasswords
FNF:4
FNH:3
FNDA:3,(anonymous_0)
FNDA:3,(anonymous_1)
FNDA:0,(anonymous_2)
FNDA:2,bcryptPasswords
DA:1,3
DA:2,3
DA:3,3
DA:4,3
DA:5,3
DA:8,3
DA:9,3
DA:15,3
DA:16,1
DA:17,1
DA:19,2
DA:20,2
DA:24,0
DA:25,0
DA:29,3
DA:30,2
DA:31,1
DA:33,1
DA:39,3
LF:19
LH:17
BRDA:15,0,0,1
BRDA:15,0,1,2
BRDA:15,1,0,3
BRDA:15,1,1,2
BRDA:30,2,0,1
BRDA:30,2,1,1
BRF:6
BRH:6
end_of_record
TN:
SF:/Users/bp/turing/4module/projects/express_sweater_weather/routes/users.js
FN:8,(anonymous_0)
FN:16,(anonymous_1)
FN:20,(anonymous_2)
FNF:3
FNH:3
FNDA:3,(anonymous_0)
FNDA:1,(anonymous_1)
FNDA:1,(anonymous_2)
DA:1,3
DA:2,3
DA:3,3
DA:4,3
DA:5,3
DA:8,3
DA:9,3
DA:10,2
DA:17,1
DA:18,1
DA:21,1
DA:22,1
DA:25,1
DA:26,1
DA:30,3
LF:15
LH:15
BRDA:9,0,0,2
BRDA:9,0,1,1
BRF:2
BRH:2
end_of_record
